c:\users\mandeuk\documents\github\ngp_termproject\networkgametermproject\computergraphicstermproject\debug\vc140.pdb
c:\users\mandeuk\documents\github\ngp_termproject\networkgametermproject\computergraphicstermproject\debug\vc140.idb
c:\users\mandeuk\documents\github\ngp_termproject\networkgametermproject\computergraphicstermproject\debug\drawbox.obj
c:\users\mandeuk\documents\github\ngp_termproject\networkgametermproject\computergraphicstermproject\debug\drawcharacter.obj
c:\users\mandeuk\documents\github\ngp_termproject\networkgametermproject\computergraphicstermproject\debug\ui_draw.obj
c:\users\mandeuk\documents\github\ngp_termproject\networkgametermproject\computergraphicstermproject\debug\win_sock.obj
c:\users\mandeuk\documents\github\ngp_termproject\networkgametermproject\computergraphicstermproject\debug\mmain.obj
c:\users\mandeuk\documents\github\ngp_termproject\networkgametermproject\computergraphicstermproject\debug\loadbmp.obj
c:\users\mandeuk\documents\github\ngp_termproject\networkgametermproject\computergraphicstermproject\debug\loadcharactertexture.obj
c:\users\mandeuk\documents\github\ngp_termproject\networkgametermproject\computergraphicstermproject\debug\drawmap.obj
c:\users\mandeuk\documents\github\ngp_termproject\networkgametermproject\computergraphicstermproject\debug\drawzombie.obj
c:\users\mandeuk\documents\github\ngp_termproject\networkgametermproject\computergraphicstermproject\debug\loadzombietexture.obj
c:\users\mandeuk\documents\github\ngp_termproject\networkgametermproject\debug\computergraphicstermproject.ilk
c:\users\mandeuk\documents\github\ngp_termproject\networkgametermproject\debug\computergraphicstermproject.exe
c:\users\mandeuk\documents\github\ngp_termproject\networkgametermproject\debug\computergraphicstermproject.pdb
c:\users\kwon6\documents\onedrive\2016년도 3학년 2학기 수업자료\네트워크 게임 프로그래밍\[작업]networkgametermproject\computergraphicstermproject\debug\drawbox.obj
c:\users\kwon6\documents\onedrive\2016년도 3학년 2학기 수업자료\네트워크 게임 프로그래밍\[작업]networkgametermproject\computergraphicstermproject\debug\drawcharacter.obj
c:\users\kwon6\documents\onedrive\2016년도 3학년 2학기 수업자료\네트워크 게임 프로그래밍\[작업]networkgametermproject\computergraphicstermproject\debug\drawmap.obj
c:\users\kwon6\documents\onedrive\2016년도 3학년 2학기 수업자료\네트워크 게임 프로그래밍\[작업]networkgametermproject\computergraphicstermproject\debug\drawzombie.obj
c:\users\kwon6\documents\onedrive\2016년도 3학년 2학기 수업자료\네트워크 게임 프로그래밍\[작업]networkgametermproject\computergraphicstermproject\debug\loadbmp.obj
c:\users\kwon6\documents\onedrive\2016년도 3학년 2학기 수업자료\네트워크 게임 프로그래밍\[작업]networkgametermproject\computergraphicstermproject\debug\loadcharactertexture.obj
c:\users\kwon6\documents\onedrive\2016년도 3학년 2학기 수업자료\네트워크 게임 프로그래밍\[작업]networkgametermproject\computergraphicstermproject\debug\loadzombietexture.obj
c:\users\kwon6\documents\onedrive\2016년도 3학년 2학기 수업자료\네트워크 게임 프로그래밍\[작업]networkgametermproject\computergraphicstermproject\debug\mmain.obj
c:\users\kwon6\documents\onedrive\2016년도 3학년 2학기 수업자료\네트워크 게임 프로그래밍\[작업]networkgametermproject\computergraphicstermproject\debug\ui_draw.obj
c:\users\kwon6\documents\onedrive\2016년도 3학년 2학기 수업자료\네트워크 게임 프로그래밍\[작업]networkgametermproject\computergraphicstermproject\debug\win_sock.obj
c:\users\kwon6\documents\onedrive\2016년도 3학년 2학기 수업자료\네트워크 게임 프로그래밍\[작업]networkgametermproject\computergraphicstermproject\debug\vc140.idb
c:\users\kwon6\documents\onedrive\2016년도 3학년 2학기 수업자료\네트워크 게임 프로그래밍\[작업]networkgametermproject\computergraphicstermproject\debug\vc140.pdb
c:\users\kwon6\documents\onedrive\2016년도 3학년 2학기 수업자료\네트워크 게임 프로그래밍\[작업]networkgametermproject\debug\computergraphicstermproject.pdb
c:\users\kwon6\documents\onedrive\2016년도 3학년 2학기 수업자료\네트워크 게임 프로그래밍\[작업]networkgametermproject\debug\computergraphicstermproject.exe
c:\users\kwon6\documents\onedrive\2016년도 3학년 2학기 수업자료\네트워크 게임 프로그래밍\[작업]networkgametermproject\debug\computergraphicstermproject.ilk
c:\users\kwon6\documents\onedrive\2016년도 3학년 2학기 수업자료\네트워크 게임 프로그래밍\[작업]networkgametermproject\computergraphicstermproject\debug\computer.8dfb40f9.tlog\cl.command.1.tlog
c:\users\kwon6\documents\onedrive\2016년도 3학년 2학기 수업자료\네트워크 게임 프로그래밍\[작업]networkgametermproject\computergraphicstermproject\debug\computer.8dfb40f9.tlog\cl.read.1.tlog
c:\users\kwon6\documents\onedrive\2016년도 3학년 2학기 수업자료\네트워크 게임 프로그래밍\[작업]networkgametermproject\computergraphicstermproject\debug\computer.8dfb40f9.tlog\cl.write.1.tlog
c:\users\kwon6\documents\onedrive\2016년도 3학년 2학기 수업자료\네트워크 게임 프로그래밍\[작업]networkgametermproject\computergraphicstermproject\debug\computer.8dfb40f9.tlog\link.command.1.tlog
c:\users\kwon6\documents\onedrive\2016년도 3학년 2학기 수업자료\네트워크 게임 프로그래밍\[작업]networkgametermproject\computergraphicstermproject\debug\computer.8dfb40f9.tlog\link.read.1.tlog
c:\users\kwon6\documents\onedrive\2016년도 3학년 2학기 수업자료\네트워크 게임 프로그래밍\[작업]networkgametermproject\computergraphicstermproject\debug\computer.8dfb40f9.tlog\link.write.1.tlog
