e:\★텍스트자료\onedrive\2016년도 3학년 2학기 수업자료\네트워크 게임 프로그래밍\networkgameprogramming_termproject\networkgametermproject_iocp\networkgametermproject_iocp\computergraphicstermproject\debug\vc140.pdb
e:\★텍스트자료\onedrive\2016년도 3학년 2학기 수업자료\네트워크 게임 프로그래밍\networkgameprogramming_termproject\networkgametermproject_iocp\networkgametermproject_iocp\computergraphicstermproject\debug\vc140.idb
e:\★텍스트자료\onedrive\2016년도 3학년 2학기 수업자료\네트워크 게임 프로그래밍\networkgameprogramming_termproject\networkgametermproject_iocp\networkgametermproject_iocp\computergraphicstermproject\debug\collisionbullet.obj
e:\★텍스트자료\onedrive\2016년도 3학년 2학기 수업자료\네트워크 게임 프로그래밍\networkgameprogramming_termproject\networkgametermproject_iocp\networkgametermproject_iocp\computergraphicstermproject\debug\dialogbox.obj
e:\★텍스트자료\onedrive\2016년도 3학년 2학기 수업자료\네트워크 게임 프로그래밍\networkgameprogramming_termproject\networkgametermproject_iocp\networkgametermproject_iocp\computergraphicstermproject\debug\drawbox.obj
e:\★텍스트자료\onedrive\2016년도 3학년 2학기 수업자료\네트워크 게임 프로그래밍\networkgameprogramming_termproject\networkgametermproject_iocp\networkgametermproject_iocp\computergraphicstermproject\debug\drawcharacter.obj
e:\★텍스트자료\onedrive\2016년도 3학년 2학기 수업자료\네트워크 게임 프로그래밍\networkgameprogramming_termproject\networkgametermproject_iocp\networkgametermproject_iocp\computergraphicstermproject\debug\drawmap.obj
e:\★텍스트자료\onedrive\2016년도 3학년 2학기 수업자료\네트워크 게임 프로그래밍\networkgameprogramming_termproject\networkgametermproject_iocp\networkgametermproject_iocp\computergraphicstermproject\debug\drawzombie.obj
e:\★텍스트자료\onedrive\2016년도 3학년 2학기 수업자료\네트워크 게임 프로그래밍\networkgameprogramming_termproject\networkgametermproject_iocp\networkgametermproject_iocp\computergraphicstermproject\debug\loadzombietexture.obj
e:\★텍스트자료\onedrive\2016년도 3학년 2학기 수업자료\네트워크 게임 프로그래밍\networkgameprogramming_termproject\networkgametermproject_iocp\networkgametermproject_iocp\computergraphicstermproject\debug\mmain.obj
e:\★텍스트자료\onedrive\2016년도 3학년 2학기 수업자료\네트워크 게임 프로그래밍\networkgameprogramming_termproject\networkgametermproject_iocp\networkgametermproject_iocp\computergraphicstermproject\debug\playanimation.obj
e:\★텍스트자료\onedrive\2016년도 3학년 2학기 수업자료\네트워크 게임 프로그래밍\networkgameprogramming_termproject\networkgametermproject_iocp\networkgametermproject_iocp\computergraphicstermproject\debug\setboxinfo.obj
e:\★텍스트자료\onedrive\2016년도 3학년 2학기 수업자료\네트워크 게임 프로그래밍\networkgameprogramming_termproject\networkgametermproject_iocp\networkgametermproject_iocp\computergraphicstermproject\debug\ui_draw.obj
e:\★텍스트자료\onedrive\2016년도 3학년 2학기 수업자료\네트워크 게임 프로그래밍\networkgameprogramming_termproject\networkgametermproject_iocp\networkgametermproject_iocp\computergraphicstermproject\debug\win_sock.obj
e:\★텍스트자료\onedrive\2016년도 3학년 2학기 수업자료\네트워크 게임 프로그래밍\networkgameprogramming_termproject\networkgametermproject_iocp\networkgametermproject_iocp\computergraphicstermproject\debug\loadbmp.obj
e:\★텍스트자료\onedrive\2016년도 3학년 2학기 수업자료\네트워크 게임 프로그래밍\networkgameprogramming_termproject\networkgametermproject_iocp\networkgametermproject_iocp\computergraphicstermproject\debug\loadcharactertexture.obj
e:\★텍스트자료\onedrive\2016년도 3학년 2학기 수업자료\네트워크 게임 프로그래밍\networkgameprogramming_termproject\networkgametermproject_iocp\networkgametermproject_iocp\debug\computergraphicstermproject.ilk
e:\★텍스트자료\onedrive\2016년도 3학년 2학기 수업자료\네트워크 게임 프로그래밍\networkgameprogramming_termproject\networkgametermproject_iocp\networkgametermproject_iocp\debug\computergraphicstermproject.exe
e:\★텍스트자료\onedrive\2016년도 3학년 2학기 수업자료\네트워크 게임 프로그래밍\networkgameprogramming_termproject\networkgametermproject_iocp\networkgametermproject_iocp\debug\computergraphicstermproject.pdb
e:\★텍스트자료\onedrive\2016년도 3학년 2학기 수업자료\네트워크 게임 프로그래밍\networkgameprogramming_termproject\networkgametermproject_iocp\networkgametermproject_iocp\computergraphicstermproject\debug\resource.res
e:\★텍스트자료\onedrive\2016년도 3학년 2학기 수업자료\네트워크 게임 프로그래밍\networkgameprogramming_termproject\networkgametermproject_iocp\networkgametermproject_iocp\computergraphicstermproject\debug\computer.8dfb40f9.tlog\cl.command.1.tlog
e:\★텍스트자료\onedrive\2016년도 3학년 2학기 수업자료\네트워크 게임 프로그래밍\networkgameprogramming_termproject\networkgametermproject_iocp\networkgametermproject_iocp\computergraphicstermproject\debug\computer.8dfb40f9.tlog\cl.read.1.tlog
e:\★텍스트자료\onedrive\2016년도 3학년 2학기 수업자료\네트워크 게임 프로그래밍\networkgameprogramming_termproject\networkgametermproject_iocp\networkgametermproject_iocp\computergraphicstermproject\debug\computer.8dfb40f9.tlog\cl.write.1.tlog
e:\★텍스트자료\onedrive\2016년도 3학년 2학기 수업자료\네트워크 게임 프로그래밍\networkgameprogramming_termproject\networkgametermproject_iocp\networkgametermproject_iocp\computergraphicstermproject\debug\computer.8dfb40f9.tlog\link.command.1.tlog
e:\★텍스트자료\onedrive\2016년도 3학년 2학기 수업자료\네트워크 게임 프로그래밍\networkgameprogramming_termproject\networkgametermproject_iocp\networkgametermproject_iocp\computergraphicstermproject\debug\computer.8dfb40f9.tlog\link.read.1.tlog
e:\★텍스트자료\onedrive\2016년도 3학년 2학기 수업자료\네트워크 게임 프로그래밍\networkgameprogramming_termproject\networkgametermproject_iocp\networkgametermproject_iocp\computergraphicstermproject\debug\computer.8dfb40f9.tlog\link.write.1.tlog
e:\★텍스트자료\onedrive\2016년도 3학년 2학기 수업자료\네트워크 게임 프로그래밍\networkgameprogramming_termproject\networkgametermproject_iocp\networkgametermproject_iocp\computergraphicstermproject\debug\computer.8dfb40f9.tlog\rc.command.1.tlog
e:\★텍스트자료\onedrive\2016년도 3학년 2학기 수업자료\네트워크 게임 프로그래밍\networkgameprogramming_termproject\networkgametermproject_iocp\networkgametermproject_iocp\computergraphicstermproject\debug\computer.8dfb40f9.tlog\rc.read.1.tlog
e:\★텍스트자료\onedrive\2016년도 3학년 2학기 수업자료\네트워크 게임 프로그래밍\networkgameprogramming_termproject\networkgametermproject_iocp\networkgametermproject_iocp\computergraphicstermproject\debug\computer.8dfb40f9.tlog\rc.write.1.tlog
