  main.cpp
c:\users\kwon6\documents\onedrive\2016년도 3학년 2학기 수업자료\네트워크 게임 프로그래밍\networkgametermproject_servergui\networkgametermproject_servergui\main.cpp(299): warning C4244: '=': 'DWORD'에서 'float'(으)로 변환하면서 데이터가 손실될 수 있습니다.
c:\users\kwon6\documents\onedrive\2016년도 3학년 2학기 수업자료\네트워크 게임 프로그래밍\networkgametermproject_servergui\networkgametermproject_servergui\main.cpp(308): warning C4244: '=': 'DWORD'에서 'float'(으)로 변환하면서 데이터가 손실될 수 있습니다.
c:\users\kwon6\documents\onedrive\2016년도 3학년 2학기 수업자료\네트워크 게임 프로그래밍\networkgametermproject_servergui\networkgametermproject_servergui\main.cpp(311): warning C4244: '=': 'DWORD'에서 'float'(으)로 변환하면서 데이터가 손실될 수 있습니다.
c:\users\kwon6\documents\onedrive\2016년도 3학년 2학기 수업자료\네트워크 게임 프로그래밍\networkgametermproject_servergui\networkgametermproject_servergui\main.cpp(331): warning C4244: '=': 'DWORD'에서 'float'(으)로 변환하면서 데이터가 손실될 수 있습니다.
c:\users\kwon6\documents\onedrive\2016년도 3학년 2학기 수업자료\네트워크 게임 프로그래밍\networkgametermproject_servergui\networkgametermproject_servergui\main.cpp(334): warning C4244: '=': 'DWORD'에서 'float'(으)로 변환하면서 데이터가 손실될 수 있습니다.
c:\users\kwon6\documents\onedrive\2016년도 3학년 2학기 수업자료\네트워크 게임 프로그래밍\networkgametermproject_servergui\networkgametermproject_servergui\main.cpp(349): warning C4244: '=': 'DWORD'에서 'float'(으)로 변환하면서 데이터가 손실될 수 있습니다.
c:\users\kwon6\documents\onedrive\2016년도 3학년 2학기 수업자료\네트워크 게임 프로그래밍\networkgametermproject_servergui\networkgametermproject_servergui\main.cpp(357): warning C4244: '=': 'DWORD'에서 'float'(으)로 변환하면서 데이터가 손실될 수 있습니다.
c:\users\kwon6\documents\onedrive\2016년도 3학년 2학기 수업자료\네트워크 게임 프로그래밍\networkgametermproject_servergui\networkgametermproject_servergui\main.cpp(364): warning C4244: '=': 'DWORD'에서 'float'(으)로 변환하면서 데이터가 손실될 수 있습니다.
c:\users\kwon6\documents\onedrive\2016년도 3학년 2학기 수업자료\네트워크 게임 프로그래밍\networkgametermproject_servergui\networkgametermproject_servergui\main.cpp(368): warning C4244: '=': 'DWORD'에서 'float'(으)로 변환하면서 데이터가 손실될 수 있습니다.
c:\users\kwon6\documents\onedrive\2016년도 3학년 2학기 수업자료\네트워크 게임 프로그래밍\networkgametermproject_servergui\networkgametermproject_servergui\main.cpp(375): warning C4244: '=': 'DWORD'에서 'float'(으)로 변환하면서 데이터가 손실될 수 있습니다.
c:\users\kwon6\documents\onedrive\2016년도 3학년 2학기 수업자료\네트워크 게임 프로그래밍\networkgametermproject_servergui\networkgametermproject_servergui\main.cpp(230): warning C4996: 'itoa': The POSIX name for this item is deprecated. Instead, use the ISO C and C++ conformant name: _itoa. See online help for details.
  c:\program files (x86)\windows kits\10\include\10.0.10240.0\ucrt\stdlib.h(1316): note: 'itoa' 선언을 참조하십시오.
c:\users\kwon6\documents\onedrive\2016년도 3학년 2학기 수업자료\네트워크 게임 프로그래밍\networkgametermproject_servergui\networkgametermproject_servergui\main.cpp(247): warning C4996: 'itoa': The POSIX name for this item is deprecated. Instead, use the ISO C and C++ conformant name: _itoa. See online help for details.
  c:\program files (x86)\windows kits\10\include\10.0.10240.0\ucrt\stdlib.h(1316): note: 'itoa' 선언을 참조하십시오.
c:\users\kwon6\documents\onedrive\2016년도 3학년 2학기 수업자료\네트워크 게임 프로그래밍\networkgametermproject_servergui\networkgametermproject_servergui\main.cpp(384): warning C4473: 'sprintf': 서식 문자열에 대한 인수가 충분하게 전달되지 않았습니다.
  c:\users\kwon6\documents\onedrive\2016년도 3학년 2학기 수업자료\네트워크 게임 프로그래밍\networkgametermproject_servergui\networkgametermproject_servergui\main.cpp(384): note: 자리 표시자 및 해당 매개 변수에는 variadic 인수가 1개 필요하지만 0개가 제공되었습니다.
  c:\users\kwon6\documents\onedrive\2016년도 3학년 2학기 수업자료\네트워크 게임 프로그래밍\networkgametermproject_servergui\networkgametermproject_servergui\main.cpp(384): note: 누락된 variadic 인수 1이(가) 서식 문자열 '%d'에 필요합니다.
  NetworkGameTermProject_ServerGUI.vcxproj -> C:\Users\kwon6\Documents\OneDrive\2016년도 3학년 2학기 수업자료\네트워크 게임 프로그래밍\NetworkGameTermProject_ServerGUI\Debug\NetworkGameTermProject_ServerGUI.exe
  NetworkGameTermProject_ServerGUI.vcxproj -> C:\Users\kwon6\Documents\OneDrive\2016년도 3학년 2학기 수업자료\네트워크 게임 프로그래밍\NetworkGameTermProject_ServerGUI\Debug\NetworkGameTermProject_ServerGUI.pdb (Full PDB)
